# JRE version: Java(TM) SE Runtime Environment (7.0_80-b15) (build 1.7.0_80-b15)
# Java VM: Java HotSpot(TM) 64-Bit Server VM (24.80-b11 mixed mode linux-amd64 compressed oops)
Heap
 PSYoungGen      total 35328K, used 26785K [0x00000000f5900000, 0x00000000f9e00000, 0x0000000100000000)
  eden space 30720K, 72% used [0x00000000f5900000,0x00000000f6ea84b0,0x00000000f7700000)
  from space 4608K, 100% used [0x00000000f7b80000,0x00000000f8000000,0x00000000f8000000)
  to   space 4608K, 0% used [0x00000000f7700000,0x00000000f7700000,0x00000000f7b80000)
 ParOldGen       total 79872K, used 8852K [0x00000000e0c00000, 0x00000000e5a00000, 0x00000000f5900000)
  object space 79872K, 11% used [0x00000000e0c00000,0x00000000e14a50c8,0x00000000e5a00000)
 PSPermGen       total 29696K, used 29394K [0x00000000dba00000, 0x00000000dd700000, 0x00000000e0c00000)
  object space 29696K, 98% used [0x00000000dba00000,0x00000000dd6b49f0,0x00000000dd700000)
GC Heap History (4 events):
Event: 2.588 GC heap before
{Heap before GC invocations=1 (full 0):
 PSYoungGen      total 35328K, used 30720K [0x00000000f5900000, 0x00000000f8000000, 0x0000000100000000)
  eden space 30720K, 100% used [0x00000000f5900000,0x00000000f7700000,0x00000000f7700000)
  from space 4608K, 0% used [0x00000000f7b80000,0x00000000f7b80000,0x00000000f8000000)
  to   space 4608K, 0% used [0x00000000f7700000,0x00000000f7700000,0x00000000f7b80000)
 ParOldGen       total 79872K, used 0K [0x00000000e0c00000, 0x00000000e5a00000, 0x00000000f5900000)
  object space 79872K, 0% used [0x00000000e0c00000,0x00000000e0c00000,0x00000000e5a00000)
 PSPermGen       total 27136K, used 26644K [0x00000000dba00000, 0x00000000dd480000, 0x00000000e0c00000)
  object space 27136K, 98% used [0x00000000dba00000,0x00000000dd4053b8,0x00000000dd480000)
Event: 2.614 GC heap after
Heap after GC invocations=1 (full 0):
 PSYoungGen      total 35328K, used 4607K [0x00000000f5900000, 0x00000000f8000000, 0x0000000100000000)
  eden space 30720K, 0% used [0x00000000f5900000,0x00000000f5900000,0x00000000f7700000)
  from space 4608K, 99% used [0x00000000f7700000,0x00000000f7b7ff58,0x00000000f7b80000)
  to   space 4608K, 0% used [0x00000000f7b80000,0x00000000f7b80000,0x00000000f8000000)
 ParOldGen       total 79872K, used 4203K [0x00000000e0c00000, 0x00000000e5a00000, 0x00000000f5900000)
  object space 79872K, 5% used [0x00000000e0c00000,0x00000000e101af58,0x00000000e5a00000)
 PSPermGen       total 27136K, used 26644K [0x00000000dba00000, 0x00000000dd480000, 0x00000000e0c00000)
  object space 27136K, 98% used [0x00000000dba00000,0x00000000dd4053b8,0x00000000dd480000)
}
Event: 3.920 GC heap before
{Heap before GC invocations=2 (full 0):
 PSYoungGen      total 35328K, used 35327K [0x00000000f5900000, 0x00000000f8000000, 0x0000000100000000)
  eden space 30720K, 100% used [0x00000000f5900000,0x00000000f7700000,0x00000000f7700000)
  from space 4608K, 99% used [0x00000000f7700000,0x00000000f7b7ff58,0x00000000f7b80000)
  to   space 4608K, 0% used [0x00000000f7b80000,0x00000000f7b80000,0x00000000f8000000)
 ParOldGen       total 79872K, used 4203K [0x00000000e0c00000, 0x00000000e5a00000, 0x00000000f5900000)
  object space 79872K, 5% used [0x00000000e0c00000,0x00000000e101af58,0x00000000e5a00000)
 PSPermGen       total 28672K, used 28558K [0x00000000dba00000, 0x00000000dd600000, 0x00000000e0c00000)
  object space 28672K, 99% used [0x00000000dba00000,0x00000000dd5e38a8,0x00000000dd600000)
Event: 3.949 GC heap after
Heap after GC invocations=2 (full 0):
 PSYoungGen      total 35328K, used 4608K [0x00000000f5900000, 0x00000000f9e00000, 0x0000000100000000)
  eden space 30720K, 0% used [0x00000000f5900000,0x00000000f5900000,0x00000000f7700000)
  from space 4608K, 100% used [0x00000000f7b80000,0x00000000f8000000,0x00000000f8000000)
  to   space 4608K, 0% used [0x00000000f7700000,0x00000000f7700000,0x00000000f7b80000)
 ParOldGen       total 79872K, used 8852K [0x00000000e0c00000, 0x00000000e5a00000, 0x00000000f5900000)
  object space 79872K, 11% used [0x00000000e0c00000,0x00000000e14a50c8,0x00000000e5a00000)
 PSPermGen       total 28672K, used 28558K [0x00000000dba00000, 0x00000000dd600000, 0x00000000e0c00000)
  object space 28672K, 99% used [0x00000000dba00000,0x00000000dd5e38a8,0x00000000dd600000)
}

